<?xml version="1.0" encoding="UTF-8"?>
<!-- Generated by org.testng.reporters.JUnitReportReporter -->
<testsuite skipped="0" hostname="DESKTOP-N2E923C" name="Framework.End2End.ValidateTitle" tests="1" failures="0" timestamp="2020-05-29T11:15:08 EDT" time="0.077" errors="0">
  <testcase name="basePageNavigation" time="0.077" classname="Framework.End2End.ValidateTitle"/>
  <system-out/>
</testsuite> <!-- Framework.End2End.ValidateTitle -->
