<?xml version="1.0" encoding="UTF-8"?>
<!-- Generated by org.testng.reporters.JUnitReportReporter -->
<testsuite skipped="0" hostname="DESKTOP-N2E923C" name="Framework.End2End.HomePage" tests="2" failures="0" timestamp="2020-05-29T11:15:08 EDT" time="117.725" errors="0">
  <testcase name="basePageNavigation" time="59.302" classname="Framework.End2End.HomePage"/>
  <system-out/>
  <testcase name="basePageNavigation" time="58.423" classname="Framework.End2End.HomePage"/>
  <system-out/>
</testsuite> <!-- Framework.End2End.HomePage -->
